Determining if the pthread_create exist failed with the following output:
Change Dir: /home/mrhowever/Programming/Projects/BigInteger/cmake-build-debug/CMakeFiles/CMakeTmp

Run Build Command(s):/usr/bin/make cmTC_c1a06/fast 
/usr/bin/make -f CMakeFiles/cmTC_c1a06.dir/build.make CMakeFiles/cmTC_c1a06.dir/build
make[1]: Entering directory '/home/mrhowever/Programming/Projects/BigInteger/cmake-build-debug/CMakeFiles/CMakeTmp'
Building C object CMakeFiles/cmTC_c1a06.dir/CheckSymbolExists.c.o
/usr/bin/cc    -o CMakeFiles/cmTC_c1a06.dir/CheckSymbolExists.c.o   -c /home/mrhowever/Programming/Projects/BigInteger/cmake-build-debug/CMakeFiles/CMakeTmp/CheckSymbolExists.c
Linking C executable cmTC_c1a06
/home/mrhowever/Programs/clion-2018.3.4/bin/cmake/linux/bin/cmake -E cmake_link_script CMakeFiles/cmTC_c1a06.dir/link.txt --verbose=1
/usr/bin/cc      -rdynamic CMakeFiles/cmTC_c1a06.dir/CheckSymbolExists.c.o  -o cmTC_c1a06 
CMakeFiles/cmTC_c1a06.dir/CheckSymbolExists.c.o: In function `main':
CheckSymbolExists.c:(.text+0x1b): undefined reference to `pthread_create'
collect2: error: ld returned 1 exit status
make[1]: *** [CMakeFiles/cmTC_c1a06.dir/build.make:87: cmTC_c1a06] Error 1
make[1]: Leaving directory '/home/mrhowever/Programming/Projects/BigInteger/cmake-build-debug/CMakeFiles/CMakeTmp'
make: *** [Makefile:121: cmTC_c1a06/fast] Error 2

File /home/mrhowever/Programming/Projects/BigInteger/cmake-build-debug/CMakeFiles/CMakeTmp/CheckSymbolExists.c:
/* */
#include <pthread.h>

int main(int argc, char** argv)
{
  (void)argv;
#ifndef pthread_create
  return ((int*)(&pthread_create))[argc];
#else
  (void)argc;
  return 0;
#endif
}

Determining if the function pthread_create exists in the pthreads failed with the following output:
Change Dir: /home/mrhowever/Programming/Projects/BigInteger/cmake-build-debug/CMakeFiles/CMakeTmp

Run Build Command(s):/usr/bin/make cmTC_2fe2b/fast 
/usr/bin/make -f CMakeFiles/cmTC_2fe2b.dir/build.make CMakeFiles/cmTC_2fe2b.dir/build
make[1]: Entering directory '/home/mrhowever/Programming/Projects/BigInteger/cmake-build-debug/CMakeFiles/CMakeTmp'
Building C object CMakeFiles/cmTC_2fe2b.dir/CheckFunctionExists.c.o
/usr/bin/cc   -DCHECK_FUNCTION_EXISTS=pthread_create   -o CMakeFiles/cmTC_2fe2b.dir/CheckFunctionExists.c.o   -c /home/mrhowever/Programs/clion-2018.3.4/bin/cmake/linux/share/cmake-3.14/Modules/CheckFunctionExists.c
Linking C executable cmTC_2fe2b
/home/mrhowever/Programs/clion-2018.3.4/bin/cmake/linux/bin/cmake -E cmake_link_script CMakeFiles/cmTC_2fe2b.dir/link.txt --verbose=1
/usr/bin/cc  -DCHECK_FUNCTION_EXISTS=pthread_create    -rdynamic CMakeFiles/cmTC_2fe2b.dir/CheckFunctionExists.c.o  -o cmTC_2fe2b -lpthreads 
/usr/bin/ld: cannot find -lpthreads
collect2: error: ld returned 1 exit status
make[1]: *** [CMakeFiles/cmTC_2fe2b.dir/build.make:87: cmTC_2fe2b] Error 1
make[1]: Leaving directory '/home/mrhowever/Programming/Projects/BigInteger/cmake-build-debug/CMakeFiles/CMakeTmp'
make: *** [Makefile:121: cmTC_2fe2b/fast] Error 2


